-------------------------------------------------------------------------------
Test set: alejandroaf.myapp.IsUniqueTest
-------------------------------------------------------------------------------
Tests run: 1, Failures: 0, Errors: 1, Skipped: 0, Time elapsed: 0.001 s <<< FAILURE! -- in alejandroaf.myapp.IsUniqueTest
alejandroaf.myapp.IsUniqueTest.isUniqueTest -- Time elapsed: 0.001 s <<< ERROR!
java.lang.Error: 
Unresolved compilation problem: 
	The declared package "" does not match the expected package "alejandroaf.myapp"

	at alejandroaf.myapp.IsUniqueTest.<init>(IsUniqueTest.java:1)
	at java.base/java.lang.reflect.Constructor.newInstanceWithCaller(Constructor.java:499)
	at java.base/java.lang.reflect.Constructor.newInstance(Constructor.java:483)
	at java.base/java.util.Optional.orElseGet(Optional.java:364)
	at java.base/java.util.ArrayList.forEach(ArrayList.java:1604)
	at java.base/java.util.ArrayList.forEach(ArrayList.java:1604)

